[GIN-debug] GET    /v1/                      --> query/server/handlers.Test (2 handlers)
[GIN-debug] [WARNING] You trusted all proxies, this is NOT safe. We recommend you to set a value.
Please check https://pkg.go.dev/github.com/gin-gonic/gin#readme-don-t-trust-all-proxies for details.
[GIN-debug] Listening and serving HTTP on :8080
::1 - [Thu, 09 Jun 2022 13:17:10 +07] "GET / HTTP/1.1 404 0s "Mozilla/5.0 (Windows NT 10.0; Win64; x64) AppleWebKit/537.36 (KHTML, like Gecko) Chrome/102.0.5005.63 Safari/537.36" "
[GIN-debug] redirecting request 301: /v1/ --> /v1/
::1 - [Thu, 09 Jun 2022 13:17:15 +07] "GET /v1/ HTTP/1.1 401 603.7µs "Mozilla/5.0 (Windows NT 10.0; Win64; x64) AppleWebKit/537.36 (KHTML, like Gecko) Chrome/102.0.5005.63 Safari/537.36" "
[GIN-debug] GET    /v1/                      --> query/server/handlers.Test (2 handlers)
[GIN-debug] [WARNING] You trusted all proxies, this is NOT safe. We recommend you to set a value.
Please check https://pkg.go.dev/github.com/gin-gonic/gin#readme-don-t-trust-all-proxies for details.
[GIN-debug] Listening and serving HTTP on :8080
::1 - [Thu, 09 Jun 2022 13:19:48 +07] "GET /v1/ HTTP/1.1 401 860.9µs "Mozilla/5.0 (Windows NT 10.0; Win64; x64) AppleWebKit/537.36 (KHTML, like Gecko) Chrome/102.0.5005.63 Safari/537.36" "
::1 - [Thu, 09 Jun 2022 13:19:48 +07] "GET /v1/ HTTP/1.1 401 798.8µs "Mozilla/5.0 (Windows NT 10.0; Win64; x64) AppleWebKit/537.36 (KHTML, like Gecko) Chrome/102.0.5005.63 Safari/537.36" "
::1 - [Thu, 09 Jun 2022 13:19:49 +07] "GET /v1/ HTTP/1.1 401 304.9µs "Mozilla/5.0 (Windows NT 10.0; Win64; x64) AppleWebKit/537.36 (KHTML, like Gecko) Chrome/102.0.5005.63 Safari/537.36" "
::1 - [Thu, 09 Jun 2022 13:19:49 +07] "GET /v1/ HTTP/1.1 401 592.4µs "Mozilla/5.0 (Windows NT 10.0; Win64; x64) AppleWebKit/537.36 (KHTML, like Gecko) Chrome/102.0.5005.63 Safari/537.36" "
::1 - [Thu, 09 Jun 2022 13:19:49 +07] "GET /v1/ HTTP/1.1 401 940.3µs "Mozilla/5.0 (Windows NT 10.0; Win64; x64) AppleWebKit/537.36 (KHTML, like Gecko) Chrome/102.0.5005.63 Safari/537.36" "
::1 - [Thu, 09 Jun 2022 13:19:50 +07] "GET /v1/ HTTP/1.1 401 936.2µs "Mozilla/5.0 (Windows NT 10.0; Win64; x64) AppleWebKit/537.36 (KHTML, like Gecko) Chrome/102.0.5005.63 Safari/537.36" "
[GIN-debug] GET    /v1/                      --> query/server/handlers.Test (2 handlers)
[GIN-debug] [WARNING] You trusted all proxies, this is NOT safe. We recommend you to set a value.
Please check https://pkg.go.dev/github.com/gin-gonic/gin#readme-don-t-trust-all-proxies for details.
[GIN-debug] Listening and serving HTTP on :8080
::1 - [Thu, 09 Jun 2022 13:20:17 +07] "GET /v1/ HTTP/1.1 200 443.9µs "Mozilla/5.0 (Windows NT 10.0; Win64; x64) AppleWebKit/537.36 (KHTML, like Gecko) Chrome/102.0.5005.63 Safari/537.36" "
::1 - [Thu, 09 Jun 2022 13:20:17 +07] "GET /v1/ HTTP/1.1 200 0s "Mozilla/5.0 (Windows NT 10.0; Win64; x64) AppleWebKit/537.36 (KHTML, like Gecko) Chrome/102.0.5005.63 Safari/537.36" "
::1 - [Thu, 09 Jun 2022 13:20:17 +07] "GET /v1/ HTTP/1.1 200 720.8µs "Mozilla/5.0 (Windows NT 10.0; Win64; x64) AppleWebKit/537.36 (KHTML, like Gecko) Chrome/102.0.5005.63 Safari/537.36" "
::1 - [Thu, 09 Jun 2022 13:20:18 +07] "GET /v1/ HTTP/1.1 200 0s "Mozilla/5.0 (Windows NT 10.0; Win64; x64) AppleWebKit/537.36 (KHTML, like Gecko) Chrome/102.0.5005.63 Safari/537.36" "
::1 - [Thu, 09 Jun 2022 13:20:18 +07] "GET /v1/ HTTP/1.1 200 169.1µs "Mozilla/5.0 (Windows NT 10.0; Win64; x64) AppleWebKit/537.36 (KHTML, like Gecko) Chrome/102.0.5005.63 Safari/537.36" "
[GIN-debug] GET    /v1/                      --> query/server/handlers.Test (2 handlers)
[GIN-debug] [WARNING] You trusted all proxies, this is NOT safe. We recommend you to set a value.
Please check https://pkg.go.dev/github.com/gin-gonic/gin#readme-don-t-trust-all-proxies for details.
[GIN-debug] Listening and serving HTTP on :8080
::1 - [Thu, 09 Jun 2022 13:21:16 +07] "GET /v1/ HTTP/1.1 200 894.7µs "Mozilla/5.0 (Windows NT 10.0; Win64; x64) AppleWebKit/537.36 (KHTML, like Gecko) Chrome/102.0.5005.63 Safari/537.36" "
::1 - [Thu, 09 Jun 2022 13:21:17 +07] "GET /v1/ HTTP/1.1 200 463.9µs "Mozilla/5.0 (Windows NT 10.0; Win64; x64) AppleWebKit/537.36 (KHTML, like Gecko) Chrome/102.0.5005.63 Safari/537.36" "
::1 - [Thu, 09 Jun 2022 13:21:17 +07] "GET /v1/ HTTP/1.1 200 544.8µs "Mozilla/5.0 (Windows NT 10.0; Win64; x64) AppleWebKit/537.36 (KHTML, like Gecko) Chrome/102.0.5005.63 Safari/537.36" "
::1 - [Thu, 09 Jun 2022 13:21:17 +07] "GET /v1/ HTTP/1.1 200 1.0476ms "Mozilla/5.0 (Windows NT 10.0; Win64; x64) AppleWebKit/537.36 (KHTML, like Gecko) Chrome/102.0.5005.63 Safari/537.36" "
::1 - [Thu, 09 Jun 2022 13:21:18 +07] "GET /v1/ HTTP/1.1 200 892µs "Mozilla/5.0 (Windows NT 10.0; Win64; x64) AppleWebKit/537.36 (KHTML, like Gecko) Chrome/102.0.5005.63 Safari/537.36" "
